Building DAG of jobs...
Using shell: /usr/bin/bash
Provided cores: 4
Rules claiming more threads will be scaled down.
Provided resources: mem_mb=1000, mem_mib=954, disk_mb=1000, disk_mib=954
Select jobs to execute...

[Tue Nov 25 12:34:35 2025]
rule genomedisco:
    input: /athena/apostoloulab/scratch/ukl4001/MtoG1_analysis_code/MicroC_GenomeDISCO/metadata/metadata_60.samples, /athena/apostoloulab/scratch/ukl4001/MtoG1_analysis_code/MicroC_GenomeDISCO/metadata/metadata_60.pairs
    output: /athena/apostoloulab/scratch/ukl4001/MtoG1_analysis_code/MicroC_GenomeDISCO/log/genomedisco_60.ok
    jobid: 0
    reason: Forced execution
    wildcards: num=60
    threads: 4
    resources: mem_mb=1000, mem_mib=954, disk_mb=1000, disk_mib=954, tmpdir=/athena/cayuga_0007/scratch/ukl4001/temp


		mkdir -p /athena/apostoloulab/scratch/ukl4001/data/GenomeDSICO/comparison_60

		genomedisco run_all --metadata_samples /athena/apostoloulab/scratch/ukl4001/MtoG1_analysis_code/MicroC_GenomeDISCO/metadata/metadata_60.samples 					 --metadata_pairs /athena/apostoloulab/scratch/ukl4001/MtoG1_analysis_code/MicroC_GenomeDISCO/metadata/metadata_60.pairs 					 --bins /athena/apostoloulab/scratch/ukl4001/reference/mm10/mm10.bin.50kb.bed.gz 					 --parameters_file /athena/apostoloulab/scratch/ukl4001/MtoG1_analysis_code/MicroC_GenomeDISCO/parameters.txt 					 --outdir /athena/apostoloulab/scratch/ukl4001/data/GenomeDSICO/comparison_60

		# Made it?
		touch /athena/apostoloulab/scratch/ukl4001/MtoG1_analysis_code/MicroC_GenomeDISCO/log/genomedisco_60.ok
		
Activating conda environment: genomedisco_python2
Traceback (most recent call last):
  File "/home/fs01/ukl4001/micromamba/envs/genomedisco_python2/bin/genomedisco", line 11, in <module>
    load_entry_point('genomedisco', 'console_scripts', 'genomedisco')()
  File "/athena/cayuga_0007/scratch/ukl4001/001_software/genomedisco/genomedisco/__main__.py", line 17, in main
    command_methods[command](**args)
  File "/athena/cayuga_0007/scratch/ukl4001/001_software/genomedisco/genomedisco/concordance_utils.py", line 850, in run_all
    summary(metadata_samples,metadata_pairs,bins,re_fragments,methods,outdir,running_mode,concise_analysis,subset_chromosomes)
  File "/athena/cayuga_0007/scratch/ukl4001/001_software/genomedisco/genomedisco/concordance_utils.py", line 630, in summary
    cur_score=str(0.001*int(1000*np.mean(np.array(scores[methods_list_reproducibility[method_idx]][samplename1+'.vs.'+samplename2][chromo]))))
KeyError: 'chrY'
[Tue Nov 25 13:15:44 2025]
Error in rule genomedisco:
    jobid: 0
    input: /athena/apostoloulab/scratch/ukl4001/MtoG1_analysis_code/MicroC_GenomeDISCO/metadata/metadata_60.samples, /athena/apostoloulab/scratch/ukl4001/MtoG1_analysis_code/MicroC_GenomeDISCO/metadata/metadata_60.pairs
    output: /athena/apostoloulab/scratch/ukl4001/MtoG1_analysis_code/MicroC_GenomeDISCO/log/genomedisco_60.ok
    conda-env: genomedisco_python2
    shell:
        
		mkdir -p /athena/apostoloulab/scratch/ukl4001/data/GenomeDSICO/comparison_60

		genomedisco run_all --metadata_samples /athena/apostoloulab/scratch/ukl4001/MtoG1_analysis_code/MicroC_GenomeDISCO/metadata/metadata_60.samples 					 --metadata_pairs /athena/apostoloulab/scratch/ukl4001/MtoG1_analysis_code/MicroC_GenomeDISCO/metadata/metadata_60.pairs 					 --bins /athena/apostoloulab/scratch/ukl4001/reference/mm10/mm10.bin.50kb.bed.gz 					 --parameters_file /athena/apostoloulab/scratch/ukl4001/MtoG1_analysis_code/MicroC_GenomeDISCO/parameters.txt 					 --outdir /athena/apostoloulab/scratch/ukl4001/data/GenomeDSICO/comparison_60

		# Made it?
		touch /athena/apostoloulab/scratch/ukl4001/MtoG1_analysis_code/MicroC_GenomeDISCO/log/genomedisco_60.ok
		
        (one of the commands exited with non-zero exit code; note that snakemake uses bash strict mode!)

Shutting down, this might take some time.
Exiting because a job execution failed. Look above for error message
