Building DAG of jobs...
Using shell: /usr/bin/bash
Provided cores: 16
Rules claiming more threads will be scaled down.
Provided resources: mem_mb=6462, mem_mib=6163, disk_mb=6462, disk_mib=6163
Select jobs to execute...

[Tue Nov 25 13:12:44 2025]
rule normCoolBatch:
    input: /athena/apostoloulab/scratch/ukl4001/data/mcool_batch/G1dTAG_B1_allRes.mcool
    output: result/log/success/normCoolBatch_G1dTAG_B1_25000.ok, /athena/apostoloulab/scratch/ukl4001/data/cool_norm_batch/G1dTAG_B1_25000bp_KR.cool, /athena/apostoloulab/scratch/ukl4001/data/cool_norm_batch/G1dTAG_B1_25000bp_KR_exp.tsv
    jobid: 0
    reason: Forced execution
    wildcards: sampleBatch=G1dTAG_B1, res=25000
    threads: 16
    resources: mem_mb=6462, mem_mib=6163, disk_mb=6462, disk_mib=6163, tmpdir=/athena/cayuga_0007/scratch/ukl4001/temp



		hicConvertFormat -m /athena/apostoloulab/scratch/ukl4001/data/mcool_batch/G1dTAG_B1_allRes.mcool:://resolutions/25000 --inputFormat cool 			--outputFormat cool -o /athena/apostoloulab/scratch/ukl4001/data/cool_norm_batch/G1dTAG_B1_25000bp_KR.cool --correction_name KR

		cooler balance --force -p 16 /athena/apostoloulab/scratch/ukl4001/data/cool_norm_batch/G1dTAG_B1_25000bp_KR.cool

		cooltools expected-cis -p 16 -o /athena/apostoloulab/scratch/ukl4001/data/cool_norm_batch/G1dTAG_B1_25000bp_KR_exp.tsv /athena/apostoloulab/scratch/ukl4001/data/cool_norm_batch/G1dTAG_B1_25000bp_KR.cool

		# Made it?
		touch result/log/success/normCoolBatch_G1dTAG_B1_25000.ok
		
Activating conda environment: hicexplorer
INFO:cooler.cli.balance:Balancing "/athena/apostoloulab/scratch/ukl4001/data/cool_norm_batch/G1dTAG_B1_25000bp_KR.cool"
INFO:cooler.balance:variance is 5617817.480431014
INFO:cooler.balance:variance is 20454780.793139704
INFO:cooler.balance:variance is 1193722.1357164746
INFO:cooler.balance:variance is 2896432.278191056
INFO:cooler.balance:variance is 488842.74929859856
INFO:cooler.balance:variance is 798805.2233529047
INFO:cooler.balance:variance is 232578.3557664388
INFO:cooler.balance:variance is 280752.3977843158
INFO:cooler.balance:variance is 111195.21410088257
INFO:cooler.balance:variance is 109568.80557281975
INFO:cooler.balance:variance is 52245.872645576106
INFO:cooler.balance:variance is 45126.33425570231
INFO:cooler.balance:variance is 24184.5240178723
INFO:cooler.balance:variance is 19173.491743987655
INFO:cooler.balance:variance is 11081.168349441929
INFO:cooler.balance:variance is 8305.446196385215
INFO:cooler.balance:variance is 5043.75170804527
INFO:cooler.balance:variance is 3642.879958973549
INFO:cooler.balance:variance is 2286.067580971696
INFO:cooler.balance:variance is 1611.0866540520954
INFO:cooler.balance:variance is 1033.413386296016
INFO:cooler.balance:variance is 716.5001708077209
INFO:cooler.balance:variance is 466.38947886814424
INFO:cooler.balance:variance is 319.8679762135418
INFO:cooler.balance:variance is 210.27845287068587
INFO:cooler.balance:variance is 143.17622578517904
INFO:cooler.balance:variance is 94.75260505511224
INFO:cooler.balance:variance is 64.20529970574002
INFO:cooler.balance:variance is 42.682553725959664
INFO:cooler.balance:variance is 28.829309072087174
INFO:cooler.balance:variance is 19.223925205503704
INFO:cooler.balance:variance is 12.95680403927265
INFO:cooler.balance:variance is 8.657813331072218
INFO:cooler.balance:variance is 5.827045952527379
INFO:cooler.balance:variance is 3.8991805911868123
INFO:cooler.balance:variance is 2.6218415752514703
INFO:cooler.balance:variance is 1.7561068572411755
INFO:cooler.balance:variance is 1.1800919251072095
INFO:cooler.balance:variance is 0.7909474652860471
INFO:cooler.balance:variance is 0.5312962799411707
INFO:cooler.balance:variance is 0.356259122531462
INFO:cooler.balance:variance is 0.2392438174560545
INFO:cooler.balance:variance is 0.16047454869992478
INFO:cooler.balance:variance is 0.10774747412383345
INFO:cooler.balance:variance is 0.07228813200550317
INFO:cooler.balance:variance is 0.04853118848292806
INFO:cooler.balance:variance is 0.032564673946491256
INFO:cooler.balance:variance is 0.021861060821826202
INFO:cooler.balance:variance is 0.014670447032265707
INFO:cooler.balance:variance is 0.009848042111051718
INFO:cooler.balance:variance is 0.006609290331002969
INFO:cooler.balance:variance is 0.004436606028500314
INFO:cooler.balance:variance is 0.0029776886802293932
INFO:cooler.balance:variance is 0.001998801099622051
INFO:cooler.balance:variance is 0.0013415751926102015
INFO:cooler.balance:variance is 0.0009005391154260932
INFO:cooler.balance:variance is 0.0006044501785639662
INFO:cooler.balance:variance is 0.0004057394348216896
INFO:cooler.balance:variance is 0.00027234189613946396
INFO:cooler.balance:variance is 0.00018281063082927084
INFO:cooler.balance:variance is 0.00012270880840967052
INFO:cooler.balance:variance is 8.236897604436388e-05
INFO:cooler.balance:variance is 5.528959433125054e-05
INFO:cooler.balance:variance is 3.7113560855766427e-05
INFO:cooler.balance:variance is 2.4912461741629633e-05
INFO:cooler.balance:variance is 1.6722735676505385e-05
INFO:cooler.balance:variance is 1.1225217973645859e-05
INFO:cooler.balance:variance is 7.5350645020438825e-06
INFO:root:creating a Pool of 16 workers
/home/fs01/ukl4001/micromamba/envs/hicexplorer/lib/python3.12/site-packages/cooltools/api/expected.py:351: FutureWarning: The default of observed=False is deprecated and will be changed to True in a future version of pandas. Pass observed=False to retain current behavior or observed=True to adopt the future default and silence this warning.
  groups = dict(iter(bins.groupby("chrom")[clr_weight_name]))
[Tue Nov 25 13:17:33 2025]
Finished job 0.
1 of 1 steps (100%) done
