Building DAG of jobs...
Using shell: /usr/bin/bash
Provided cores: 16
Rules claiming more threads will be scaled down.
Provided resources: mem_mb=11282, mem_mib=10760, disk_mb=11282, disk_mib=10760
Select jobs to execute...

[Tue Nov 25 13:12:44 2025]
rule normCoolBatch:
    input: /athena/apostoloulab/scratch/ukl4001/data/mcool_batch/G1A485_B3_allRes.mcool
    output: result/log/success/normCoolBatch_G1A485_B3_5000.ok, /athena/apostoloulab/scratch/ukl4001/data/cool_norm_batch/G1A485_B3_5000bp_KR.cool, /athena/apostoloulab/scratch/ukl4001/data/cool_norm_batch/G1A485_B3_5000bp_KR_exp.tsv
    jobid: 0
    reason: Forced execution
    wildcards: sampleBatch=G1A485_B3, res=5000
    threads: 16
    resources: mem_mb=11282, mem_mib=10760, disk_mb=11282, disk_mib=10760, tmpdir=/athena/cayuga_0007/scratch/ukl4001/temp



		hicConvertFormat -m /athena/apostoloulab/scratch/ukl4001/data/mcool_batch/G1A485_B3_allRes.mcool:://resolutions/5000 --inputFormat cool 			--outputFormat cool -o /athena/apostoloulab/scratch/ukl4001/data/cool_norm_batch/G1A485_B3_5000bp_KR.cool --correction_name KR

		cooler balance --force -p 16 /athena/apostoloulab/scratch/ukl4001/data/cool_norm_batch/G1A485_B3_5000bp_KR.cool

		cooltools expected-cis -p 16 -o /athena/apostoloulab/scratch/ukl4001/data/cool_norm_batch/G1A485_B3_5000bp_KR_exp.tsv /athena/apostoloulab/scratch/ukl4001/data/cool_norm_batch/G1A485_B3_5000bp_KR.cool

		# Made it?
		touch result/log/success/normCoolBatch_G1A485_B3_5000.ok
		
Activating conda environment: hicexplorer
INFO:cooler.cli.balance:Balancing "/athena/apostoloulab/scratch/ukl4001/data/cool_norm_batch/G1A485_B3_5000bp_KR.cool"
INFO:cooler.balance:variance is 3839140.5202012174
INFO:cooler.balance:variance is 363778.4136340413
INFO:cooler.balance:variance is 100248.80491461286
INFO:cooler.balance:variance is 127184.1421483344
INFO:cooler.balance:variance is 42798.38292942348
INFO:cooler.balance:variance is 48315.476219028955
INFO:cooler.balance:variance is 19895.596280813916
INFO:cooler.balance:variance is 19382.80442470095
INFO:cooler.balance:variance is 9309.489024865008
INFO:cooler.balance:variance is 8063.992769533427
INFO:cooler.balance:variance is 4314.0944065665335
INFO:cooler.balance:variance is 3435.995622586661
INFO:cooler.balance:variance is 1978.0167243604128
INFO:cooler.balance:variance is 1487.013754432409
INFO:cooler.balance:variance is 899.2556587610139
INFO:cooler.balance:variance is 650.1029047429862
INFO:cooler.balance:variance is 406.30664756690635
INFO:cooler.balance:variance is 286.10539355570796
INFO:cooler.balance:variance is 182.78680458151143
INFO:cooler.balance:variance is 126.46062861816222
INFO:cooler.balance:variance is 81.98651107869945
INFO:cooler.balance:variance is 56.056325085720786
INFO:cooler.balance:variance is 36.699421610675856
INFO:cooler.balance:variance is 24.89499862555852
INFO:cooler.balance:variance is 16.40514286041032
INFO:cooler.balance:variance is 11.069830301248272
INFO:cooler.balance:variance is 7.326543623028401
INFO:cooler.balance:variance is 4.9263905797451235
INFO:cooler.balance:variance is 3.2700043515177373
INFO:cooler.balance:variance is 2.1935889166048153
INFO:cooler.balance:variance is 1.4588696483003658
INFO:cooler.balance:variance is 0.9771029899537851
INFO:cooler.balance:variance is 0.6506739443421931
INFO:cooler.balance:variance is 0.4353425799899775
INFO:cooler.balance:variance is 0.2901544591720292
INFO:cooler.balance:variance is 0.1939958424053804
INFO:cooler.balance:variance is 0.12937217599992634
INFO:cooler.balance:variance is 0.08645710977503548
INFO:cooler.balance:variance is 0.057678813233319304
INFO:cooler.balance:variance is 0.03853367121899236
INFO:cooler.balance:variance is 0.02571387824373833
INFO:cooler.balance:variance is 0.017175169079537707
INFO:cooler.balance:variance is 0.011463117002000204
INFO:cooler.balance:variance is 0.00765553695935551
INFO:cooler.balance:variance is 0.005110073083682231
INFO:cooler.balance:variance is 0.003412397791657623
INFO:cooler.balance:variance is 0.002277950725421754
INFO:cooler.balance:variance is 0.0015210724596418797
INFO:cooler.balance:variance is 0.0010154458260479542
INFO:cooler.balance:variance is 0.000678022861306191
INFO:cooler.balance:variance is 0.0004526536282607359
INFO:cooler.balance:variance is 0.00030223278286193965
INFO:cooler.balance:variance is 0.00020177768268592755
INFO:cooler.balance:variance is 0.00013472266791329516
INFO:cooler.balance:variance is 8.994537574621281e-05
INFO:cooler.balance:variance is 6.0053874476890615e-05
INFO:cooler.balance:variance is 4.009438988129895e-05
INFO:cooler.balance:variance is 2.6769621317370133e-05
INFO:cooler.balance:variance is 1.787260063703522e-05
INFO:cooler.balance:variance is 1.193284460095159e-05
INFO:cooler.balance:variance is 7.966938707944586e-06
INFO:root:creating a Pool of 16 workers
/home/fs01/ukl4001/micromamba/envs/hicexplorer/lib/python3.12/site-packages/cooltools/api/expected.py:351: FutureWarning: The default of observed=False is deprecated and will be changed to True in a future version of pandas. Pass observed=False to retain current behavior or observed=True to adopt the future default and silence this warning.
  groups = dict(iter(bins.groupby("chrom")[clr_weight_name]))
[Tue Nov 25 13:22:37 2025]
Finished job 0.
1 of 1 steps (100%) done
