Building DAG of jobs...
Using shell: /usr/bin/bash
Provided cores: 16
Rules claiming more threads will be scaled down.
Provided resources: mem_mb=11890, mem_mib=11340, disk_mb=11890, disk_mib=11340
Select jobs to execute...

[Tue Nov 25 13:12:44 2025]
rule normCoolBatch:
    input: /athena/apostoloulab/scratch/ukl4001/data/mcool_batch/G1DMSO_B2_allRes.mcool
    output: result/log/success/normCoolBatch_G1DMSO_B2_10000.ok, /athena/apostoloulab/scratch/ukl4001/data/cool_norm_batch/G1DMSO_B2_10000bp_KR.cool, /athena/apostoloulab/scratch/ukl4001/data/cool_norm_batch/G1DMSO_B2_10000bp_KR_exp.tsv
    jobid: 0
    reason: Forced execution
    wildcards: sampleBatch=G1DMSO_B2, res=10000
    threads: 16
    resources: mem_mb=11890, mem_mib=11340, disk_mb=11890, disk_mib=11340, tmpdir=/athena/cayuga_0007/scratch/ukl4001/temp



		hicConvertFormat -m /athena/apostoloulab/scratch/ukl4001/data/mcool_batch/G1DMSO_B2_allRes.mcool:://resolutions/10000 --inputFormat cool 			--outputFormat cool -o /athena/apostoloulab/scratch/ukl4001/data/cool_norm_batch/G1DMSO_B2_10000bp_KR.cool --correction_name KR

		cooler balance --force -p 16 /athena/apostoloulab/scratch/ukl4001/data/cool_norm_batch/G1DMSO_B2_10000bp_KR.cool

		cooltools expected-cis -p 16 -o /athena/apostoloulab/scratch/ukl4001/data/cool_norm_batch/G1DMSO_B2_10000bp_KR_exp.tsv /athena/apostoloulab/scratch/ukl4001/data/cool_norm_batch/G1DMSO_B2_10000bp_KR.cool

		# Made it?
		touch result/log/success/normCoolBatch_G1DMSO_B2_10000.ok
		
Activating conda environment: hicexplorer
INFO:cooler.cli.balance:Balancing "/athena/apostoloulab/scratch/ukl4001/data/cool_norm_batch/G1DMSO_B2_10000bp_KR.cool"
INFO:cooler.balance:variance is 8256777.449097452
INFO:cooler.balance:variance is 30922945.318276983
INFO:cooler.balance:variance is 1849749.8585803711
INFO:cooler.balance:variance is 5334990.517224173
INFO:cooler.balance:variance is 851164.5424987548
INFO:cooler.balance:variance is 1694698.8226319086
INFO:cooler.balance:variance is 452447.98284401407
INFO:cooler.balance:variance is 676356.4902133243
INFO:cooler.balance:variance is 247868.88309393395
INFO:cooler.balance:variance is 299091.3165080573
INFO:cooler.balance:variance is 134788.94058481263
INFO:cooler.balance:variance is 139721.76729460058
INFO:cooler.balance:variance is 72361.0239826467
INFO:cooler.balance:variance is 67472.4716026737
INFO:cooler.balance:variance is 38444.45709739551
INFO:cooler.balance:variance is 33296.98881348223
INFO:cooler.balance:variance is 20279.123823524882
INFO:cooler.balance:variance is 16678.261888530127
INFO:cooler.balance:variance is 10647.461704758682
INFO:cooler.balance:variance is 8442.717153809557
INFO:cooler.balance:variance is 5574.096832743046
INFO:cooler.balance:variance is 4306.623152253484
INFO:cooler.balance:variance is 2912.920816095762
INFO:cooler.balance:variance is 2209.2276438676054
INFO:cooler.balance:variance is 1520.6598790387259
INFO:cooler.balance:variance is 1138.086859000553
INFO:cooler.balance:variance is 793.4106036431934
INFO:cooler.balance:variance is 588.1661621193481
INFO:cooler.balance:variance is 413.87486679917737
INFO:cooler.balance:variance is 304.71694662147246
INFO:cooler.balance:variance is 215.8950281102673
INFO:cooler.balance:variance is 158.17446730702477
INFO:cooler.balance:variance is 112.63860132744973
INFO:cooler.balance:variance is 82.23477958452129
INFO:cooler.balance:variance is 58.78318650146246
INFO:cooler.balance:variance is 42.809312522552894
INFO:cooler.balance:variance is 30.688760371907588
INFO:cooler.balance:variance is 22.31026340303431
INFO:cooler.balance:variance is 16.02871080983148
INFO:cooler.balance:variance is 11.638642755899289
INFO:cooler.balance:variance is 8.376072156996344
INFO:cooler.balance:variance is 6.077146792149361
INFO:cooler.balance:variance is 4.379590144686178
INFO:cooler.balance:variance is 3.1760109667729033
INFO:cooler.balance:variance is 2.291433073325411
INFO:cooler.balance:variance is 1.6612982031017571
INFO:cooler.balance:variance is 1.1997556832341623
INFO:cooler.balance:variance is 0.8697731307797497
INFO:cooler.balance:variance is 0.6286723955722255
INFO:cooler.balance:variance is 0.4558017168402172
INFO:cooler.balance:variance is 0.32971542088879535
INFO:cooler.balance:variance is 0.23910268037256682
INFO:cooler.balance:variance is 0.1730926410316943
INFO:cooler.balance:variance is 0.1255641646845436
INFO:cooler.balance:variance is 0.09096782180987928
INFO:cooler.balance:variance is 0.06601775407439461
INFO:cooler.balance:variance is 0.047864844693033606
INFO:cooler.balance:variance is 0.034754962367602386
INFO:cooler.balance:variance is 0.025218521458694534
INFO:cooler.balance:variance is 0.018322602554389122
INFO:cooler.balance:variance is 0.013306254791760582
INFO:cooler.balance:variance is 0.009674546214501445
INFO:cooler.balance:variance is 0.00703216589381852
INFO:cooler.balance:variance is 0.005116951263553256
INFO:cooler.balance:variance is 0.0037229548429222265
INFO:cooler.balance:variance is 0.002711428859958125
INFO:cooler.balance:variance is 0.0019748057417733013
INFO:cooler.balance:variance is 0.0014396761831354367
INFO:cooler.balance:variance is 0.0010497243992209837
INFO:cooler.balance:variance is 0.0007661049606747972
INFO:cooler.balance:variance is 0.0005592680397400012
INFO:cooler.balance:variance is 0.00040864738308046594
INFO:cooler.balance:variance is 0.00029870352336633534
INFO:cooler.balance:variance is 0.0002185386731968874
INFO:cooler.balance:variance is 0.000159962973017723
INFO:cooler.balance:variance is 0.00011719524326921242
INFO:cooler.balance:variance is 8.590938202723342e-05
INFO:cooler.balance:variance is 6.303419684014539e-05
INFO:cooler.balance:variance is 4.627917711859024e-05
INFO:cooler.balance:variance is 3.401006303031375e-05
INFO:cooler.balance:variance is 2.501114454077026e-05
INFO:cooler.balance:variance is 1.8411126352599736e-05
INFO:cooler.balance:variance is 1.3563095557684038e-05
INFO:cooler.balance:variance is 1.0001526850539677e-05
INFO:cooler.balance:variance is 7.381242630866059e-06
INFO:root:creating a Pool of 16 workers
/home/fs01/ukl4001/micromamba/envs/hicexplorer/lib/python3.12/site-packages/cooltools/api/expected.py:351: FutureWarning: The default of observed=False is deprecated and will be changed to True in a future version of pandas. Pass observed=False to retain current behavior or observed=True to adopt the future default and silence this warning.
  groups = dict(iter(bins.groupby("chrom")[clr_weight_name]))
[Tue Nov 25 13:22:47 2025]
Finished job 0.
1 of 1 steps (100%) done
