Building DAG of jobs...
Using shell: /usr/bin/bash
Provided cores: 16
Rules claiming more threads will be scaled down.
Provided resources: mem_mb=11890, mem_mib=11340, disk_mb=11890, disk_mib=11340
Select jobs to execute...

[Tue Nov 25 13:26:22 2025]
rule normCoolBatch:
    input: /athena/apostoloulab/scratch/ukl4001/data/mcool_batch/G1DMSO_B2_allRes.mcool
    output: result/log/success/normCoolBatch_G1DMSO_B2_25000.ok, /athena/apostoloulab/scratch/ukl4001/data/cool_norm_batch/G1DMSO_B2_25000bp_KR.cool, /athena/apostoloulab/scratch/ukl4001/data/cool_norm_batch/G1DMSO_B2_25000bp_KR_exp.tsv
    jobid: 0
    reason: Forced execution
    wildcards: sampleBatch=G1DMSO_B2, res=25000
    threads: 16
    resources: mem_mb=11890, mem_mib=11340, disk_mb=11890, disk_mib=11340, tmpdir=/athena/cayuga_0007/scratch/ukl4001/temp



		hicConvertFormat -m /athena/apostoloulab/scratch/ukl4001/data/mcool_batch/G1DMSO_B2_allRes.mcool:://resolutions/25000 --inputFormat cool 			--outputFormat cool -o /athena/apostoloulab/scratch/ukl4001/data/cool_norm_batch/G1DMSO_B2_25000bp_KR.cool --correction_name KR

		cooler balance --force -p 16 /athena/apostoloulab/scratch/ukl4001/data/cool_norm_batch/G1DMSO_B2_25000bp_KR.cool

		cooltools expected-cis -p 16 -o /athena/apostoloulab/scratch/ukl4001/data/cool_norm_batch/G1DMSO_B2_25000bp_KR_exp.tsv /athena/apostoloulab/scratch/ukl4001/data/cool_norm_batch/G1DMSO_B2_25000bp_KR.cool

		# Made it?
		touch result/log/success/normCoolBatch_G1DMSO_B2_25000.ok
		
Activating conda environment: hicexplorer
INFO:cooler.cli.balance:Balancing "/athena/apostoloulab/scratch/ukl4001/data/cool_norm_batch/G1DMSO_B2_25000bp_KR.cool"
INFO:cooler.balance:variance is 36786505.836319305
INFO:cooler.balance:variance is 333858628.5300741
INFO:cooler.balance:variance is 9594946.475014925
INFO:cooler.balance:variance is 44077245.998022094
INFO:cooler.balance:variance is 4364211.7717247
INFO:cooler.balance:variance is 11284525.162894225
INFO:cooler.balance:variance is 2248431.515238875
INFO:cooler.balance:variance is 3931510.9421588704
INFO:cooler.balance:variance is 1168561.8376213147
INFO:cooler.balance:variance is 1590168.8246042076
INFO:cooler.balance:variance is 599143.13656383
INFO:cooler.balance:variance is 697713.6791114977
INFO:cooler.balance:variance is 304206.425136799
INFO:cooler.balance:variance is 322116.10720732936
INFO:cooler.balance:variance is 153944.62616184432
INFO:cooler.balance:variance is 154185.13307451026
INFO:cooler.balance:variance is 78094.28918672797
INFO:cooler.balance:variance is 75959.7690091763
INFO:cooler.balance:variance is 39917.39051418802
INFO:cooler.balance:variance is 38385.93087599722
INFO:cooler.balance:variance is 20660.079853416308
INFO:cooler.balance:variance is 19876.832518333908
INFO:cooler.balance:variance is 10881.382342150959
INFO:cooler.balance:variance is 10549.563003590043
INFO:cooler.balance:variance is 5860.741701324127
INFO:cooler.balance:variance is 5744.3581318255265
INFO:cooler.balance:variance is 3242.3903387599094
INFO:cooler.balance:variance is 3212.1825385351553
INFO:cooler.balance:variance is 1848.679749938717
INFO:cooler.balance:variance is 1845.6510391392048
INFO:cooler.balance:variance is 1087.9784440911537
INFO:cooler.balance:variance is 1089.3875141663857
INFO:cooler.balance:variance is 660.5716604556461
INFO:cooler.balance:variance is 659.7542574861885
INFO:cooler.balance:variance is 412.7695363656995
INFO:cooler.balance:variance is 409.12565391780987
INFO:cooler.balance:variance is 264.45113331142454
INFO:cooler.balance:variance is 259.0861914527597
INFO:cooler.balance:variance is 172.95405276936822
INFO:cooler.balance:variance is 167.05214443742472
INFO:cooler.balance:variance is 114.96870884863263
INFO:cooler.balance:variance is 109.34161453709075
INFO:cooler.balance:variance is 77.37715545780797
INFO:cooler.balance:variance is 72.45087546582432
INFO:cooler.balance:variance is 52.5580682877221
INFO:cooler.balance:variance is 48.48127749817722
INFO:cooler.balance:variance is 35.9391224198874
INFO:cooler.balance:variance is 32.6958480345644
INFO:cooler.balance:variance is 24.692886165954732
INFO:cooler.balance:variance is 22.186021925722223
INFO:cooler.balance:variance is 17.02341432154993
INFO:cooler.balance:variance is 15.12730585285009
INFO:cooler.balance:variance is 11.764040723449842
INFO:cooler.balance:variance is 10.353572571441985
INFO:cooler.balance:variance is 8.14317563001949
INFO:cooler.balance:variance is 7.107510841599046
INFO:cooler.balance:variance is 5.643444561331608
INFO:cooler.balance:variance is 4.890752299453279
INFO:cooler.balance:variance is 3.9143582378207733
INFO:cooler.balance:variance is 3.371779031917294
INFO:cooler.balance:variance is 2.7167061623088613
INFO:cooler.balance:variance is 2.328145891243431
INFO:cooler.balance:variance is 1.8863553718115897
INFO:cooler.balance:variance is 1.6095623411429971
INFO:cooler.balance:variance is 1.3102641211504744
INFO:cooler.balance:variance is 1.113931676915037
INFO:cooler.balance:variance is 0.9103742804444245
INFO:cooler.balance:variance is 0.7715962064384773
INFO:cooler.balance:variance is 0.6326866985358975
INFO:cooler.balance:variance is 0.5348671860168281
INFO:cooler.balance:variance is 0.439798549761785
INFO:cooler.balance:variance is 0.37100675431157515
INFO:cooler.balance:variance is 0.3057796376220705
INFO:cooler.balance:variance is 0.2574912711502183
INFO:cooler.balance:variance is 0.21264207937697538
INFO:cooler.balance:variance is 0.17879686734834085
INFO:cooler.balance:variance is 0.1479018828411316
INFO:cooler.balance:variance is 0.12420848123960936
INFO:cooler.balance:variance is 0.10289185941508243
INFO:cooler.balance:variance is 0.08632129717339405
INFO:cooler.balance:variance is 0.07159301445095663
INFO:cooler.balance:variance is 0.06001290611257329
INFO:cooler.balance:variance is 0.04982442664994059
INFO:cooler.balance:variance is 0.041736737944539554
INFO:cooler.balance:variance is 0.03468132793570333
INFO:cooler.balance:variance is 0.029035454159283082
INFO:cooler.balance:variance is 0.02414518248591518
INFO:cooler.balance:variance is 0.020205319439393656
INFO:cooler.balance:variance is 0.016813033859460563
INFO:cooler.balance:variance is 0.014064417397182448
INFO:cooler.balance:variance is 0.011709592242981057
INFO:cooler.balance:variance is 0.009792411597400805
INFO:cooler.balance:variance is 0.008156740031224715
INFO:cooler.balance:variance is 0.006819668027099821
INFO:cooler.balance:variance is 0.005682893613875776
INFO:cooler.balance:variance is 0.00475047364034467
INFO:cooler.balance:variance is 0.003960036725164175
INFO:cooler.balance:variance is 0.003309829985796838
INFO:cooler.balance:variance is 0.0027599693834171194
INFO:cooler.balance:variance is 0.002306561313216535
INFO:cooler.balance:variance is 0.0019239028400982509
INFO:cooler.balance:variance is 0.001607721043741484
INFO:cooler.balance:variance is 0.0013413255058291823
INFO:cooler.balance:variance is 0.00112082786717566
INFO:cooler.balance:variance is 0.000935310220497585
INFO:cooler.balance:variance is 0.000781530816894778
INFO:cooler.balance:variance is 0.0006522976872095325
INFO:cooler.balance:variance is 0.0005450406934225176
INFO:cooler.balance:variance is 0.0004549910195001372
INFO:cooler.balance:variance is 0.00038017561762780064
INFO:cooler.balance:variance is 0.00031741304663559237
INFO:cooler.balance:variance is 0.0002652217651895672
INFO:cooler.balance:variance is 0.00022146739794767613
INFO:cooler.balance:variance is 0.00018505501135206964
INFO:cooler.balance:variance is 0.0001545453793290867
INFO:cooler.balance:variance is 0.00012913878317438068
INFO:cooler.balance:variance is 0.00010786028263511941
INFO:cooler.balance:variance is 9.013099600414188e-05
INFO:cooler.balance:variance is 7.528778448880142e-05
INFO:cooler.balance:variance is 6.291452168657881e-05
INFO:cooler.balance:variance is 5.255851184795152e-05
INFO:cooler.balance:variance is 4.392225112471393e-05
INFO:cooler.balance:variance is 3.669571482008642e-05
INFO:cooler.balance:variance is 3.066712456262058e-05
INFO:cooler.balance:variance is 2.562356730879057e-05
INFO:cooler.balance:variance is 2.141480884389091e-05
INFO:cooler.balance:variance is 1.7894271061555226e-05
INFO:cooler.balance:variance is 1.4955674811690806e-05
INFO:cooler.balance:variance is 1.2497895208204499e-05
INFO:cooler.balance:variance is 1.044591671947074e-05
INFO:cooler.balance:variance is 8.729844335701008e-06
INFO:root:creating a Pool of 16 workers
/home/fs01/ukl4001/micromamba/envs/hicexplorer/lib/python3.12/site-packages/cooltools/api/expected.py:351: FutureWarning: The default of observed=False is deprecated and will be changed to True in a future version of pandas. Pass observed=False to retain current behavior or observed=True to adopt the future default and silence this warning.
  groups = dict(iter(bins.groupby("chrom")[clr_weight_name]))
[Tue Nov 25 13:34:13 2025]
Finished job 0.
1 of 1 steps (100%) done
